2021-03-29 06:27:14 ""

2021-04-01 16:53:09 ""

2021-04-02 13:46:22 ""

2021-04-03 10:04:08 ""

2021-04-03 11:33:02 ""

2021-04-07 18:40:04 {"payid":"5198074","client_id":"9494344296","operator_ref":"5215126973","status":"SUCCESS"}

2021-04-08 10:15:11 {"payid":"5211088","client_id":"3094410954","operator_ref":"BR00060PGJY1","status":"SUCCESS"}

2021-04-08 10:15:11 Invalid Recharge - 3094410954

2021-04-11 21:14:06 {"payid":"5236223","client_id":"4900663161","operator_ref":"BR00061BESZN","status":"SUCCESS"}

2021-04-11 21:54:45 {"payid":"5236440","client_id":"6177223422","operator_ref":"NA","status":"FAILED"}

2021-04-11 22:30:06 {"payid":"5236591","client_id":"9939105269","operator_ref":"BR00061BOZQR","status":"SUCCESS"}

2021-04-12 10:05:04 {"payid":"5238233","client_id":"7417472595","operator_ref":"BR00061CONLU","status":"SUCCESS"}

2021-04-13 08:01:02 {"payid":"5243349","client_id":"7464999868","operator_ref":"KKR2104130759210016","status":"SUCCESS"}

2021-04-17 20:47:03 {"payid":"5273849","client_id":"16186725488947","operator_ref":"BR0006244OYJ","status":"SUCCESS"}

2021-04-17 20:47:03 Invalid Recharge - 16186725488947

2021-04-19 15:52:05 {"payid":"5285863","client_id":"4514010505","operator_ref":"BR00062BDYK7","status":"SUCCESS"}

2021-04-19 16:27:06 {"payid":"5286117","client_id":"4614404544","operator_ref":"1819574832","status":"SUCCESS"}

2021-04-20 09:05:04 {"payid":"5289509","client_id":"6953206174","operator_ref":"1826143141","status":"SUCCESS"}

2021-04-21 18:48:08 {"payid":"5300760","client_id":"8577113629","operator_ref":"BR00062LJLND","status":"SUCCESS"}

2021-04-21 20:12:57 {"payid":"5301298","client_id":"4239912574","operator_ref":"BR00062M5HLC","status":"SUCCESS"}

2021-04-22 12:38:03 {"payid":"5305147","client_id":"2715225564","operator_ref":"BR00062OGFEQ","status":"SUCCESS"}

2021-04-23 10:09:12 {"payid":"5310142","client_id":"7207748245","operator_ref":"5242696269","status":"SUCCESS"}

2021-04-25 09:54:29 {"payid":"5321804","client_id":"7773808269","operator_ref":"1028332666","status":"SUCCESS"}

2021-04-25 10:05:04 {"payid":"5321869","client_id":"7798107653","operator_ref":"7398764943","status":"SUCCESS"}

2021-04-29 07:56:06 {"payid":"5354390","client_id":"4889150472","operator_ref":"BR00063HQX4A","status":"SUCCESS"}

2021-05-02 10:35:06 {"payid":"5381876","client_id":"2805237586","operator_ref":"1951518087","status":"SUCCESS"}

2021-05-03 15:15:03 {"payid":"5393700","client_id":"9605700990","operator_ref":"0","status":"FAILED"}

2021-05-03 20:33:14 {"payid":"5390015","client_id":"7160897826","operator_ref":"CC011123BAAA01338025","status":"SUCCESS"}

2021-05-03 20:33:14 Invalid Recharge - 7160897826

2021-05-07 07:13:06 {"payid":"5426632","client_id":"3241871502","operator_ref":"BR00064IS2AQ","status":"SUCCESS"}

2021-05-10 18:12:04 {"payid":"5456256","client_id":"8336038399","operator_ref":"BR00064Z864S","status":"SUCCESS"}

